INFO-FLOW: Workspace /mnt/castor/seas_home/j/jpzhao/532/sync3/sync532/vitis_ppp/project_lzw/solution1 opened at Thu Nov 17 13:39:11 EST 2022
Execute     ap_set_clock -name default -period 6.667 -unit ns -default=false 
INFO: [SYN 201-201] Setting up clock 'default' with a period of 6.667ns.
Execute     import_lib /mnt/pollux/software/xilinx/2020.2/Vitis_HLS/2020.2/common/technology/xilinx/zynquplus/zynquplus 
Execute       source /mnt/pollux/software/xilinx/2020.2/Vitis_HLS/2020.2/common/technology/xilinx/interface/xilinx_interface.hlp 
Execute         source /mnt/pollux/software/xilinx/2020.2/Vitis_HLS/2020.2/common/technology/xilinx/interface/maxi.hlp 
Execute         source /mnt/pollux/software/xilinx/2020.2/Vitis_HLS/2020.2/common/technology/xilinx/interface/saxilite.hlp 
Execute       source /mnt/pollux/software/xilinx/2020.2/Vitis_HLS/2020.2/common/technology/xilinx/DSP48/dsp48.hlp 
Execute     source /mnt/pollux/software/xilinx/2020.2/Vitis_HLS/2020.2/common/technology/xilinx/common/xilinx.gen 
Execute       source /mnt/pollux/software/xilinx/2020.2/Vitis_HLS/2020.2/common/technology/xilinx/interface/plb46.gen 
Execute       source /mnt/pollux/software/xilinx/2020.2/Vitis_HLS/2020.2/common/technology/xilinx/interface/axi4.gen 
Execute       source /mnt/pollux/software/xilinx/2020.2/Vitis_HLS/2020.2/common/technology/xilinx/interface/nativeAXI4.gen 
Execute         source /mnt/pollux/software/xilinx/2020.2/Vitis_HLS/2020.2/common/technology/xilinx/interface/saxilite.gen 
Execute         source /mnt/pollux/software/xilinx/2020.2/Vitis_HLS/2020.2/common/technology/xilinx/interface/maxi.gen 
Execute       source /mnt/pollux/software/xilinx/2020.2/Vitis_HLS/2020.2/common/technology/xilinx/scripts/xilinxcoregen.gen 
Execute       source /mnt/pollux/software/xilinx/2020.2/Vitis_HLS/2020.2/common/technology/xilinx/interface/XilEDKCoreGen.gen 
Execute       source /mnt/pollux/software/xilinx/2020.2/Vitis_HLS/2020.2/common/technology/xilinx/ip/dds_compiler.gen 
Execute       source /mnt/pollux/software/xilinx/2020.2/Vitis_HLS/2020.2/common/technology/xilinx/ip/util.gen 
Execute       source /mnt/pollux/software/xilinx/2020.2/Vitis_HLS/2020.2/common/technology/xilinx/ip/xfft.gen 
Execute       source /mnt/pollux/software/xilinx/2020.2/Vitis_HLS/2020.2/common/technology/xilinx/ip/xfir.gen 
Execute       source /mnt/pollux/software/xilinx/2020.2/Vitis_HLS/2020.2/common/technology/xilinx/DSP48/dsp48.gen 
Command     ap_source done; 0.21 sec.
Execute     import_lib /mnt/pollux/software/xilinx/2020.2/Vitis_HLS/2020.2/common/technology/xilinx/zynquplus/zynquplus_fpv7 
Execute       source /mnt/pollux/software/xilinx/2020.2/Vitis_HLS/2020.2/common/technology/xilinx/interface/xilinx_interface.hlp 
Execute         source /mnt/pollux/software/xilinx/2020.2/Vitis_HLS/2020.2/common/technology/xilinx/interface/maxi.hlp 
Execute         source /mnt/pollux/software/xilinx/2020.2/Vitis_HLS/2020.2/common/technology/xilinx/interface/saxilite.hlp 
Execute       source /mnt/pollux/software/xilinx/2020.2/Vitis_HLS/2020.2/common/technology/xilinx/DSP48/dsp48.hlp 
Execute     source /mnt/pollux/software/xilinx/2020.2/Vitis_HLS/2020.2/common/technology/xilinx/common/xilinx.gen 
Execute       source /mnt/pollux/software/xilinx/2020.2/Vitis_HLS/2020.2/common/technology/xilinx/interface/plb46.gen 
Execute       source /mnt/pollux/software/xilinx/2020.2/Vitis_HLS/2020.2/common/technology/xilinx/interface/axi4.gen 
Execute       source /mnt/pollux/software/xilinx/2020.2/Vitis_HLS/2020.2/common/technology/xilinx/interface/nativeAXI4.gen 
Execute         source /mnt/pollux/software/xilinx/2020.2/Vitis_HLS/2020.2/common/technology/xilinx/interface/saxilite.gen 
Execute         source /mnt/pollux/software/xilinx/2020.2/Vitis_HLS/2020.2/common/technology/xilinx/interface/maxi.gen 
Execute       source /mnt/pollux/software/xilinx/2020.2/Vitis_HLS/2020.2/common/technology/xilinx/scripts/xilinxcoregen.gen 
Execute       source /mnt/pollux/software/xilinx/2020.2/Vitis_HLS/2020.2/common/technology/xilinx/interface/XilEDKCoreGen.gen 
Execute       source /mnt/pollux/software/xilinx/2020.2/Vitis_HLS/2020.2/common/technology/xilinx/ip/dds_compiler.gen 
Execute       source /mnt/pollux/software/xilinx/2020.2/Vitis_HLS/2020.2/common/technology/xilinx/ip/util.gen 
Execute       source /mnt/pollux/software/xilinx/2020.2/Vitis_HLS/2020.2/common/technology/xilinx/ip/xfft.gen 
Execute       source /mnt/pollux/software/xilinx/2020.2/Vitis_HLS/2020.2/common/technology/xilinx/ip/xfir.gen 
Execute       source /mnt/pollux/software/xilinx/2020.2/Vitis_HLS/2020.2/common/technology/xilinx/DSP48/dsp48.gen 
Command     ap_source done; 0.15 sec.
Execute     import_lib /mnt/pollux/software/xilinx/2020.2/Vitis_HLS/2020.2/common/technology/xilinx/zynquplus/zynquplus 
Execute       source /mnt/pollux/software/xilinx/2020.2/Vitis_HLS/2020.2/common/technology/xilinx/interface/xilinx_interface.hlp 
Execute         source /mnt/pollux/software/xilinx/2020.2/Vitis_HLS/2020.2/common/technology/xilinx/interface/maxi.hlp 
Execute         source /mnt/pollux/software/xilinx/2020.2/Vitis_HLS/2020.2/common/technology/xilinx/interface/saxilite.hlp 
Execute       source /mnt/pollux/software/xilinx/2020.2/Vitis_HLS/2020.2/common/technology/xilinx/DSP48/dsp48.hlp 
Execute     source /mnt/pollux/software/xilinx/2020.2/Vitis_HLS/2020.2/common/technology/xilinx/common/xilinx.gen 
Execute       source /mnt/pollux/software/xilinx/2020.2/Vitis_HLS/2020.2/common/technology/xilinx/interface/plb46.gen 
Execute       source /mnt/pollux/software/xilinx/2020.2/Vitis_HLS/2020.2/common/technology/xilinx/interface/axi4.gen 
Execute       source /mnt/pollux/software/xilinx/2020.2/Vitis_HLS/2020.2/common/technology/xilinx/interface/nativeAXI4.gen 
Execute         source /mnt/pollux/software/xilinx/2020.2/Vitis_HLS/2020.2/common/technology/xilinx/interface/saxilite.gen 
Execute         source /mnt/pollux/software/xilinx/2020.2/Vitis_HLS/2020.2/common/technology/xilinx/interface/maxi.gen 
Execute       source /mnt/pollux/software/xilinx/2020.2/Vitis_HLS/2020.2/common/technology/xilinx/scripts/xilinxcoregen.gen 
Execute       source /mnt/pollux/software/xilinx/2020.2/Vitis_HLS/2020.2/common/technology/xilinx/interface/XilEDKCoreGen.gen 
Execute       source /mnt/pollux/software/xilinx/2020.2/Vitis_HLS/2020.2/common/technology/xilinx/ip/dds_compiler.gen 
Execute       source /mnt/pollux/software/xilinx/2020.2/Vitis_HLS/2020.2/common/technology/xilinx/ip/util.gen 
Execute       source /mnt/pollux/software/xilinx/2020.2/Vitis_HLS/2020.2/common/technology/xilinx/ip/xfft.gen 
Execute       source /mnt/pollux/software/xilinx/2020.2/Vitis_HLS/2020.2/common/technology/xilinx/ip/xfir.gen 
Execute       source /mnt/pollux/software/xilinx/2020.2/Vitis_HLS/2020.2/common/technology/xilinx/DSP48/dsp48.gen 
Command     ap_source done; 0.14 sec.
Execute     set_part xczu3eg-sbva484-1-i 
INFO-FLOW: DBG:set_part: XILINX_VIVADO=/mnt/pollux/software/xilinx/2020.2/Vivado/2020.2
INFO-FLOW: DBG:set_part: RDI_DATADIR=/mnt/pollux/software/xilinx/2020.2/Vivado/2020.2/data:/mnt/pollux/software/xilinx/2020.2/Vitis_HLS/2020.2/data
Execute       ap_part_info -name xczu3eg-sbva484-1-i -data single -quiet 
DBG:HLSDevice: Trying to load device library: /mnt/pollux/software/xilinx/2020.2/Vitis_HLS/2020.2/lib/lnx64.o/librdi_hlsvwrap.so
DBG:HLSDevice: first parts/arch.xml in RDI_DATADIR: /mnt/pollux/software/xilinx/2020.2/Vivado/2020.2/data/parts/arch.xml
Command       ap_part_info done; 4.39 sec.
Execute       ap_part_info -name xczu3eg-sbva484-1-i -data info 
Execute       add_library xilinx/zynquplus/zynquplus:xczu3eg:-sbva484:-1-i 
Execute         get_default_platform 
Execute         open_platform DefaultPlatform 
Execute         ap_part_info -data single -name xczu3eg-sbva484-1-i 
Execute         ap_part_info -name xczu3eg-sbva484-1-i -data resources 
Execute         config_chip_info -resource {SLICE 8820} {LUT 70560} {FF 141120} {DSP 360} {BRAM 432} {URAM 0} 
Execute         ap_part_info -name xczu3eg-sbva484-1-i -data info 
Execute         config_chip_info -speed slow 
Execute         ap_part_info -name xczu3eg-sbva484-1-i -data info 
Execute         config_library_info -library zynquplus_slow 
Execute         config_library_info -family zynquplus 
Execute         config_library_info -part xczu3eg:-sbva484:-1-i 
Execute         import_lib /mnt/pollux/software/xilinx/2020.2/Vitis_HLS/2020.2/common/technology/xilinx/zynquplus/zynquplus 
Execute           source /mnt/pollux/software/xilinx/2020.2/Vitis_HLS/2020.2/common/technology/xilinx/interface/xilinx_interface.hlp 
Execute             source /mnt/pollux/software/xilinx/2020.2/Vitis_HLS/2020.2/common/technology/xilinx/interface/maxi.hlp 
Execute             source /mnt/pollux/software/xilinx/2020.2/Vitis_HLS/2020.2/common/technology/xilinx/interface/saxilite.hlp 
Execute           source /mnt/pollux/software/xilinx/2020.2/Vitis_HLS/2020.2/common/technology/xilinx/DSP48/dsp48.hlp 
Execute           source /mnt/pollux/software/xilinx/2020.2/Vitis_HLS/2020.2/common/technology/xilinx/DSP48/zynquplus_dsp48e2.hlp 
Command         import_lib done; 0.38 sec.
Execute         source /mnt/pollux/software/xilinx/2020.2/Vitis_HLS/2020.2/common/technology/xilinx/common/xilinx.gen 
Execute           source /mnt/pollux/software/xilinx/2020.2/Vitis_HLS/2020.2/common/technology/xilinx/interface/plb46.gen 
Execute           source /mnt/pollux/software/xilinx/2020.2/Vitis_HLS/2020.2/common/technology/xilinx/interface/axi4.gen 
Execute           source /mnt/pollux/software/xilinx/2020.2/Vitis_HLS/2020.2/common/technology/xilinx/interface/nativeAXI4.gen 
Execute             source /mnt/pollux/software/xilinx/2020.2/Vitis_HLS/2020.2/common/technology/xilinx/interface/saxilite.gen 
Execute             source /mnt/pollux/software/xilinx/2020.2/Vitis_HLS/2020.2/common/technology/xilinx/interface/maxi.gen 
Execute           source /mnt/pollux/software/xilinx/2020.2/Vitis_HLS/2020.2/common/technology/xilinx/scripts/xilinxcoregen.gen 
Execute           source /mnt/pollux/software/xilinx/2020.2/Vitis_HLS/2020.2/common/technology/xilinx/interface/XilEDKCoreGen.gen 
Execute           source /mnt/pollux/software/xilinx/2020.2/Vitis_HLS/2020.2/common/technology/xilinx/ip/dds_compiler.gen 
Execute           source /mnt/pollux/software/xilinx/2020.2/Vitis_HLS/2020.2/common/technology/xilinx/ip/util.gen 
Execute           source /mnt/pollux/software/xilinx/2020.2/Vitis_HLS/2020.2/common/technology/xilinx/ip/xfft.gen 
Execute           source /mnt/pollux/software/xilinx/2020.2/Vitis_HLS/2020.2/common/technology/xilinx/ip/xfir.gen 
Execute           source /mnt/pollux/software/xilinx/2020.2/Vitis_HLS/2020.2/common/technology/xilinx/DSP48/dsp48.gen 
Command         ap_source done; 0.13 sec.
Command       add_library done; 0.56 sec.
INFO: [HLS 200-10] Setting target device to 'xczu3eg-sbva484-1-i'
Execute       ap_part_info -name xczu3eg-sbva484-1-i -data info 
Execute       config_compile -quiet -complex-mul-dsp=0 
Command     set_part done; 4.99 sec.
Execute     ap_part_info -data single -name xczu3eg-sbva484-1-i 
Execute     ap_part_info -name xczu3eg-sbva484-1-i -data resources 
Execute     config_chip_info -resource {SLICE 8820} {LUT 70560} {FF 141120} {DSP 360} {BRAM 432} {URAM 0} 
Execute     ap_part_info -name xczu3eg-sbva484-1-i -data info 
Execute     config_chip_info -speed slow 
Execute     send_msg_by_id INFO @200-1505@%s%s  vivado 
INFO: [HLS 200-1505] Using flow_target 'vivado'
Execute     get_config_interface -m_axi_latency 
Execute     get_config_interface -m_axi_alignment_byte_size 
Execute     get_config_interface -m_axi_max_widen_bitwidth 
Execute     get_config_interface -default_interface 
Execute     get_config_interface -m_axi_offset 
Execute     get_config_rtl -register_reset_num 
Command   open_solution done; 5.64 sec.
Execute   set_part xczu3eg-sbva484-1-i 
INFO: [HLS 200-1510] Running: set_part xczu3eg-sbva484-1-i 
INFO-FLOW: DBG:set_part: XILINX_VIVADO=/mnt/pollux/software/xilinx/2020.2/Vivado/2020.2
INFO-FLOW: DBG:set_part: RDI_DATADIR=/mnt/pollux/software/xilinx/2020.2/Vivado/2020.2/data:/mnt/pollux/software/xilinx/2020.2/Vitis_HLS/2020.2/data
Execute     ap_part_info -name xczu3eg-sbva484-1-i -data single -quiet 
Execute     ap_part_info -name xczu3eg-sbva484-1-i -data info 
Execute     add_library xilinx/zynquplus/zynquplus:xczu3eg:-sbva484:-1-i 
Execute       get_default_platform 
Execute       open_platform DefaultPlatform 
Execute       ap_part_info -data single -name xczu3eg-sbva484-1-i 
Execute       ap_part_info -name xczu3eg-sbva484-1-i -data resources 
Execute       config_chip_info -resource {SLICE 8820} {LUT 70560} {FF 141120} {DSP 360} {BRAM 432} {URAM 0} 
Execute       ap_part_info -name xczu3eg-sbva484-1-i -data info 
Execute       config_chip_info -speed slow 
Execute       ap_part_info -name xczu3eg-sbva484-1-i -data info 
Execute       config_library_info -library zynquplus_slow 
Execute       config_library_info -family zynquplus 
Execute       config_library_info -part xczu3eg:-sbva484:-1-i 
Execute       import_lib /mnt/pollux/software/xilinx/2020.2/Vitis_HLS/2020.2/common/technology/xilinx/zynquplus/zynquplus 
Execute         source /mnt/pollux/software/xilinx/2020.2/Vitis_HLS/2020.2/common/technology/xilinx/interface/xilinx_interface.hlp 
Execute           source /mnt/pollux/software/xilinx/2020.2/Vitis_HLS/2020.2/common/technology/xilinx/interface/maxi.hlp 
Execute           source /mnt/pollux/software/xilinx/2020.2/Vitis_HLS/2020.2/common/technology/xilinx/interface/saxilite.hlp 
Execute         source /mnt/pollux/software/xilinx/2020.2/Vitis_HLS/2020.2/common/technology/xilinx/DSP48/dsp48.hlp 
Execute         source /mnt/pollux/software/xilinx/2020.2/Vitis_HLS/2020.2/common/technology/xilinx/DSP48/zynquplus_dsp48e2.hlp 
Execute       source /mnt/pollux/software/xilinx/2020.2/Vitis_HLS/2020.2/common/technology/xilinx/common/xilinx.gen 
Execute         source /mnt/pollux/software/xilinx/2020.2/Vitis_HLS/2020.2/common/technology/xilinx/interface/plb46.gen 
Execute         source /mnt/pollux/software/xilinx/2020.2/Vitis_HLS/2020.2/common/technology/xilinx/interface/axi4.gen 
Execute         source /mnt/pollux/software/xilinx/2020.2/Vitis_HLS/2020.2/common/technology/xilinx/interface/nativeAXI4.gen 
Execute           source /mnt/pollux/software/xilinx/2020.2/Vitis_HLS/2020.2/common/technology/xilinx/interface/saxilite.gen 
Execute           source /mnt/pollux/software/xilinx/2020.2/Vitis_HLS/2020.2/common/technology/xilinx/interface/maxi.gen 
Execute         source /mnt/pollux/software/xilinx/2020.2/Vitis_HLS/2020.2/common/technology/xilinx/scripts/xilinxcoregen.gen 
Execute         source /mnt/pollux/software/xilinx/2020.2/Vitis_HLS/2020.2/common/technology/xilinx/interface/XilEDKCoreGen.gen 
Execute         source /mnt/pollux/software/xilinx/2020.2/Vitis_HLS/2020.2/common/technology/xilinx/ip/dds_compiler.gen 
Execute         source /mnt/pollux/software/xilinx/2020.2/Vitis_HLS/2020.2/common/technology/xilinx/ip/util.gen 
Execute         source /mnt/pollux/software/xilinx/2020.2/Vitis_HLS/2020.2/common/technology/xilinx/ip/xfft.gen 
Execute         source /mnt/pollux/software/xilinx/2020.2/Vitis_HLS/2020.2/common/technology/xilinx/ip/xfir.gen 
Execute         source /mnt/pollux/software/xilinx/2020.2/Vitis_HLS/2020.2/common/technology/xilinx/DSP48/dsp48.gen 
Command       ap_source done; 0.11 sec.
Command     add_library done; 0.16 sec.
Execute     ap_part_info -name xczu3eg-sbva484-1-i -data info 
Execute     config_compile -quiet -complex-mul-dsp=0 
Command   set_part done; 0.19 sec.
Execute   create_clock -period 150MHz -name default 
INFO: [HLS 200-1510] Running: create_clock -period 150MHz -name default 
Execute   csynth_design 
INFO: [HLS 200-1510] Running: csynth_design 
Execute     get_config_compile -effort 
Execute     get_config_compile -enable_clang39 
Execute     get_config_compile -g 
Execute     get_config_compile -ng 
Execute     get_config_compile -opt_fp 
Execute     get_config_compile -skip_cdt 
Execute     get_config_compile -skip_syncheck 
Execute     get_config_compile -skip_transform 
Execute     get_config_compile -keep_printf 
Execute     elaborate -effort=medium -skip_syncheck=0 -keep_printf=0 -skip_cdt=0 -skip_transform=0 -ng=0 -g=0 -opt_fp=0 -from_csynth_design=1 
INFO: [HLS 200-111] Finished File checks and directory preparation: CPU user time: 0 seconds. CPU system time: 0.01 seconds. Elapsed time: 0.03 seconds; current allocated memory: 207.750 MB.
INFO: [HLS 200-10] Analyzing design file '../Server/encode_parts.cpp' ... 
INFO-FLOW: Compiling one TU...
Execute       get_config_compile -pragma_strict_mode 
INFO-FLOW: Handling ../Server/encode_parts.cpp as C++
Execute       ap_part_info -name xczu3eg-sbva484-1-i -data info 
INFO-FLOW: Running: GCC PP 39
INFO-FLOW: Source preprocessing
Execute       ap_eval exec -ignorestderr /mnt/pollux/software/xilinx/2020.2/Vitis_HLS/2020.2/lnx64/tools/clang-3.9-csynth/bin/clang ../Server/encode_parts.cpp -foptimization-record-file=/mnt/castor/seas_home/j/jpzhao/532/sync3/sync532/vitis_ppp/project_lzw/solution1/.autopilot/db/clang.encode_parts.cpp.diag.yml -mllvm -pass-remarks-missed=reflow|pasta|unroll -mllvm -pass-remarks=reflow|pasta|unroll|inline -fno-limit-debug-info -gcc-toolchain /mnt/pollux/software/xilinx/2020.2/Vitis_HLS/2020.2/tps/lnx64/gcc-6.2.0 -fhls -fno-exceptions -E -fno-math-errno -c -emit-llvm -mllvm -disable-llvm-optzns -Werror=implicit-function-declaration -Werror=implicit-hls-streams -Werror=return-type -Wpragmas -Wunused-parameter -fno-threadsafe-statics -fno-use-cxa-atexit -std=gnu++14 -target fpga64-xilinx-linux-gnu -fno-threadsafe-statics -fno-use-cxa-atexit -I /mnt/pollux/software/xilinx/2020.2/Vitis_HLS/2020.2/common/technology/autopilot/39 -D__VITIS_HLS__ -DAESL_SYN -D__SYNTHESIS__ -D__HLS_SYN__ -I /mnt/pollux/software/xilinx/2020.2/Vitis_HLS/2020.2/common/technology/autopilot -I /mnt/pollux/software/xilinx/2020.2/Vitis_HLS/2020.2/common/technology/autopilot/ap_sysc -include etc/autopilot_ssdm_op.h -D__DSP48E2__ -o /mnt/castor/seas_home/j/jpzhao/532/sync3/sync532/vitis_ppp/project_lzw/solution1/.autopilot/db/encode_parts.pp.0.cpp > /mnt/castor/seas_home/j/jpzhao/532/sync3/sync532/vitis_ppp/project_lzw/solution1/.autopilot/db/clang.encode_parts.cpp.out.log 2> /mnt/castor/seas_home/j/jpzhao/532/sync3/sync532/vitis_ppp/project_lzw/solution1/.autopilot/db/clang.encode_parts.cpp.err.log 
Command       ap_eval done; error code: 1; 0.59 sec.
ERROR: [HLS 207-812] 'wolfssl/options.h' file not found: ../Server/encode_parts.cpp:4:10
Command     elaborate done; error code: 2; 0.67 sec.
Command   csynth_design done; error code: 2; 0.69 sec.
INFO: [HLS 200-111] Finished Command csynth_design CPU user time: 0.16 seconds. CPU system time: 0.08 seconds. Elapsed time: 0.69 seconds; current allocated memory: 208.107 MB.
Command ap_source done; error code: 1; 6.61 sec.
Execute cleanup_all 
INFO-FLOW: Workspace /mnt/castor/seas_home/j/jpzhao/532/sync3/sync532/vitis_ppp/project_lzw/solution1 opened at Thu Nov 17 13:39:52 EST 2022
Execute     ap_set_clock -name default -period 6.667 -unit ns -default=false 
INFO: [SYN 201-201] Setting up clock 'default' with a period of 6.667ns.
Execute     import_lib /mnt/pollux/software/xilinx/2020.2/Vitis_HLS/2020.2/common/technology/xilinx/zynquplus/zynquplus 
Execute       source /mnt/pollux/software/xilinx/2020.2/Vitis_HLS/2020.2/common/technology/xilinx/interface/xilinx_interface.hlp 
Execute         source /mnt/pollux/software/xilinx/2020.2/Vitis_HLS/2020.2/common/technology/xilinx/interface/maxi.hlp 
Execute         source /mnt/pollux/software/xilinx/2020.2/Vitis_HLS/2020.2/common/technology/xilinx/interface/saxilite.hlp 
Execute       source /mnt/pollux/software/xilinx/2020.2/Vitis_HLS/2020.2/common/technology/xilinx/DSP48/dsp48.hlp 
Execute     source /mnt/pollux/software/xilinx/2020.2/Vitis_HLS/2020.2/common/technology/xilinx/common/xilinx.gen 
Execute       source /mnt/pollux/software/xilinx/2020.2/Vitis_HLS/2020.2/common/technology/xilinx/interface/plb46.gen 
Execute       source /mnt/pollux/software/xilinx/2020.2/Vitis_HLS/2020.2/common/technology/xilinx/interface/axi4.gen 
Execute       source /mnt/pollux/software/xilinx/2020.2/Vitis_HLS/2020.2/common/technology/xilinx/interface/nativeAXI4.gen 
Execute         source /mnt/pollux/software/xilinx/2020.2/Vitis_HLS/2020.2/common/technology/xilinx/interface/saxilite.gen 
Execute         source /mnt/pollux/software/xilinx/2020.2/Vitis_HLS/2020.2/common/technology/xilinx/interface/maxi.gen 
Execute       source /mnt/pollux/software/xilinx/2020.2/Vitis_HLS/2020.2/common/technology/xilinx/scripts/xilinxcoregen.gen 
Execute       source /mnt/pollux/software/xilinx/2020.2/Vitis_HLS/2020.2/common/technology/xilinx/interface/XilEDKCoreGen.gen 
Execute       source /mnt/pollux/software/xilinx/2020.2/Vitis_HLS/2020.2/common/technology/xilinx/ip/dds_compiler.gen 
Execute       source /mnt/pollux/software/xilinx/2020.2/Vitis_HLS/2020.2/common/technology/xilinx/ip/util.gen 
Execute       source /mnt/pollux/software/xilinx/2020.2/Vitis_HLS/2020.2/common/technology/xilinx/ip/xfft.gen 
Command       ap_source done; 0.12 sec.
Execute       source /mnt/pollux/software/xilinx/2020.2/Vitis_HLS/2020.2/common/technology/xilinx/ip/xfir.gen 
Execute       source /mnt/pollux/software/xilinx/2020.2/Vitis_HLS/2020.2/common/technology/xilinx/DSP48/dsp48.gen 
Command     ap_source done; 0.18 sec.
Execute     import_lib /mnt/pollux/software/xilinx/2020.2/Vitis_HLS/2020.2/common/technology/xilinx/zynquplus/zynquplus_fpv7 
Execute       source /mnt/pollux/software/xilinx/2020.2/Vitis_HLS/2020.2/common/technology/xilinx/interface/xilinx_interface.hlp 
Execute         source /mnt/pollux/software/xilinx/2020.2/Vitis_HLS/2020.2/common/technology/xilinx/interface/maxi.hlp 
Execute         source /mnt/pollux/software/xilinx/2020.2/Vitis_HLS/2020.2/common/technology/xilinx/interface/saxilite.hlp 
Execute       source /mnt/pollux/software/xilinx/2020.2/Vitis_HLS/2020.2/common/technology/xilinx/DSP48/dsp48.hlp 
Execute     source /mnt/pollux/software/xilinx/2020.2/Vitis_HLS/2020.2/common/technology/xilinx/common/xilinx.gen 
Execute       source /mnt/pollux/software/xilinx/2020.2/Vitis_HLS/2020.2/common/technology/xilinx/interface/plb46.gen 
Execute       source /mnt/pollux/software/xilinx/2020.2/Vitis_HLS/2020.2/common/technology/xilinx/interface/axi4.gen 
Execute       source /mnt/pollux/software/xilinx/2020.2/Vitis_HLS/2020.2/common/technology/xilinx/interface/nativeAXI4.gen 
Execute         source /mnt/pollux/software/xilinx/2020.2/Vitis_HLS/2020.2/common/technology/xilinx/interface/saxilite.gen 
Execute         source /mnt/pollux/software/xilinx/2020.2/Vitis_HLS/2020.2/common/technology/xilinx/interface/maxi.gen 
Execute       source /mnt/pollux/software/xilinx/2020.2/Vitis_HLS/2020.2/common/technology/xilinx/scripts/xilinxcoregen.gen 
Execute       source /mnt/pollux/software/xilinx/2020.2/Vitis_HLS/2020.2/common/technology/xilinx/interface/XilEDKCoreGen.gen 
Execute       source /mnt/pollux/software/xilinx/2020.2/Vitis_HLS/2020.2/common/technology/xilinx/ip/dds_compiler.gen 
Execute       source /mnt/pollux/software/xilinx/2020.2/Vitis_HLS/2020.2/common/technology/xilinx/ip/util.gen 
Execute       source /mnt/pollux/software/xilinx/2020.2/Vitis_HLS/2020.2/common/technology/xilinx/ip/xfft.gen 
Execute       source /mnt/pollux/software/xilinx/2020.2/Vitis_HLS/2020.2/common/technology/xilinx/ip/xfir.gen 
Execute       source /mnt/pollux/software/xilinx/2020.2/Vitis_HLS/2020.2/common/technology/xilinx/DSP48/dsp48.gen 
Command     ap_source done; 0.16 sec.
Execute     set_part xczu3eg-sbva484-1-i 
INFO-FLOW: DBG:set_part: XILINX_VIVADO=/mnt/pollux/software/xilinx/2020.2/Vivado/2020.2
INFO-FLOW: DBG:set_part: RDI_DATADIR=/mnt/pollux/software/xilinx/2020.2/Vivado/2020.2/data:/mnt/pollux/software/xilinx/2020.2/Vitis_HLS/2020.2/data
Execute       ap_part_info -name xczu3eg-sbva484-1-i -data single -quiet 
DBG:HLSDevice: Trying to load device library: /mnt/pollux/software/xilinx/2020.2/Vitis_HLS/2020.2/lib/lnx64.o/librdi_hlsvwrap.so
DBG:HLSDevice: first parts/arch.xml in RDI_DATADIR: /mnt/pollux/software/xilinx/2020.2/Vivado/2020.2/data/parts/arch.xml
Command       ap_part_info done; 1.86 sec.
Execute       ap_part_info -name xczu3eg-sbva484-1-i -data info 
Execute       add_library xilinx/zynquplus/zynquplus:xczu3eg:-sbva484:-1-i 
Execute         get_default_platform 
Execute         open_platform DefaultPlatform 
Execute         ap_part_info -data single -name xczu3eg-sbva484-1-i 
Execute         ap_part_info -name xczu3eg-sbva484-1-i -data resources 
Execute         config_chip_info -resource {SLICE 8820} {LUT 70560} {FF 141120} {DSP 360} {BRAM 432} {URAM 0} 
Execute         ap_part_info -name xczu3eg-sbva484-1-i -data info 
Execute         config_chip_info -speed slow 
Execute         ap_part_info -name xczu3eg-sbva484-1-i -data info 
Execute         config_library_info -library zynquplus_slow 
Execute         config_library_info -family zynquplus 
Execute         config_library_info -part xczu3eg:-sbva484:-1-i 
Execute         import_lib /mnt/pollux/software/xilinx/2020.2/Vitis_HLS/2020.2/common/technology/xilinx/zynquplus/zynquplus 
Execute           source /mnt/pollux/software/xilinx/2020.2/Vitis_HLS/2020.2/common/technology/xilinx/interface/xilinx_interface.hlp 
Execute             source /mnt/pollux/software/xilinx/2020.2/Vitis_HLS/2020.2/common/technology/xilinx/interface/maxi.hlp 
Execute             source /mnt/pollux/software/xilinx/2020.2/Vitis_HLS/2020.2/common/technology/xilinx/interface/saxilite.hlp 
Execute           source /mnt/pollux/software/xilinx/2020.2/Vitis_HLS/2020.2/common/technology/xilinx/DSP48/dsp48.hlp 
Execute           source /mnt/pollux/software/xilinx/2020.2/Vitis_HLS/2020.2/common/technology/xilinx/DSP48/zynquplus_dsp48e2.hlp 
Command         import_lib done; 0.29 sec.
Execute         source /mnt/pollux/software/xilinx/2020.2/Vitis_HLS/2020.2/common/technology/xilinx/common/xilinx.gen 
Execute           source /mnt/pollux/software/xilinx/2020.2/Vitis_HLS/2020.2/common/technology/xilinx/interface/plb46.gen 
Execute           source /mnt/pollux/software/xilinx/2020.2/Vitis_HLS/2020.2/common/technology/xilinx/interface/axi4.gen 
Execute           source /mnt/pollux/software/xilinx/2020.2/Vitis_HLS/2020.2/common/technology/xilinx/interface/nativeAXI4.gen 
Execute             source /mnt/pollux/software/xilinx/2020.2/Vitis_HLS/2020.2/common/technology/xilinx/interface/saxilite.gen 
Execute             source /mnt/pollux/software/xilinx/2020.2/Vitis_HLS/2020.2/common/technology/xilinx/interface/maxi.gen 
Execute           source /mnt/pollux/software/xilinx/2020.2/Vitis_HLS/2020.2/common/technology/xilinx/scripts/xilinxcoregen.gen 
Execute           source /mnt/pollux/software/xilinx/2020.2/Vitis_HLS/2020.2/common/technology/xilinx/interface/XilEDKCoreGen.gen 
Execute           source /mnt/pollux/software/xilinx/2020.2/Vitis_HLS/2020.2/common/technology/xilinx/ip/dds_compiler.gen 
Execute           source /mnt/pollux/software/xilinx/2020.2/Vitis_HLS/2020.2/common/technology/xilinx/ip/util.gen 
Execute           source /mnt/pollux/software/xilinx/2020.2/Vitis_HLS/2020.2/common/technology/xilinx/ip/xfft.gen 
Execute           source /mnt/pollux/software/xilinx/2020.2/Vitis_HLS/2020.2/common/technology/xilinx/ip/xfir.gen 
Execute           source /mnt/pollux/software/xilinx/2020.2/Vitis_HLS/2020.2/common/technology/xilinx/DSP48/dsp48.gen 
Command         ap_source done; 0.12 sec.
Command       add_library done; 0.44 sec.
INFO: [HLS 200-10] Setting target device to 'xczu3eg-sbva484-1-i'
Execute       ap_part_info -name xczu3eg-sbva484-1-i -data info 
Execute       config_compile -quiet -complex-mul-dsp=0 
Command     set_part done; 2.34 sec.
Execute     ap_part_info -data single -name xczu3eg-sbva484-1-i 
Execute     ap_part_info -name xczu3eg-sbva484-1-i -data resources 
Execute     config_chip_info -resource {SLICE 8820} {LUT 70560} {FF 141120} {DSP 360} {BRAM 432} {URAM 0} 
Execute     ap_part_info -name xczu3eg-sbva484-1-i -data info 
Execute     config_chip_info -speed slow 
Execute     send_msg_by_id INFO @200-1505@%s%s  vivado 
INFO: [HLS 200-1505] Using flow_target 'vivado'
Execute     get_config_interface -m_axi_latency 
Execute     get_config_interface -m_axi_alignment_byte_size 
Execute     get_config_interface -m_axi_max_widen_bitwidth 
Execute     get_config_interface -default_interface 
Execute     get_config_interface -m_axi_offset 
Execute     get_config_rtl -register_reset_num 
Command   open_solution done; 2.76 sec.
Execute   set_part xczu3eg-sbva484-1-i 
INFO: [HLS 200-1510] Running: set_part xczu3eg-sbva484-1-i 
INFO-FLOW: DBG:set_part: XILINX_VIVADO=/mnt/pollux/software/xilinx/2020.2/Vivado/2020.2
INFO-FLOW: DBG:set_part: RDI_DATADIR=/mnt/pollux/software/xilinx/2020.2/Vivado/2020.2/data:/mnt/pollux/software/xilinx/2020.2/Vitis_HLS/2020.2/data
Execute     ap_part_info -name xczu3eg-sbva484-1-i -data single -quiet 
Execute     ap_part_info -name xczu3eg-sbva484-1-i -data info 
Execute     add_library xilinx/zynquplus/zynquplus:xczu3eg:-sbva484:-1-i 
Execute       get_default_platform 
Execute       open_platform DefaultPlatform 
Execute       ap_part_info -data single -name xczu3eg-sbva484-1-i 
Execute       ap_part_info -name xczu3eg-sbva484-1-i -data resources 
Execute       config_chip_info -resource {SLICE 8820} {LUT 70560} {FF 141120} {DSP 360} {BRAM 432} {URAM 0} 
Execute       ap_part_info -name xczu3eg-sbva484-1-i -data info 
Execute       config_chip_info -speed slow 
Execute       ap_part_info -name xczu3eg-sbva484-1-i -data info 
Execute       config_library_info -library zynquplus_slow 
Execute       config_library_info -family zynquplus 
Execute       config_library_info -part xczu3eg:-sbva484:-1-i 
Execute       import_lib /mnt/pollux/software/xilinx/2020.2/Vitis_HLS/2020.2/common/technology/xilinx/zynquplus/zynquplus 
Execute         source /mnt/pollux/software/xilinx/2020.2/Vitis_HLS/2020.2/common/technology/xilinx/interface/xilinx_interface.hlp 
Execute           source /mnt/pollux/software/xilinx/2020.2/Vitis_HLS/2020.2/common/technology/xilinx/interface/maxi.hlp 
Execute           source /mnt/pollux/software/xilinx/2020.2/Vitis_HLS/2020.2/common/technology/xilinx/interface/saxilite.hlp 
Execute         source /mnt/pollux/software/xilinx/2020.2/Vitis_HLS/2020.2/common/technology/xilinx/DSP48/dsp48.hlp 
Execute         source /mnt/pollux/software/xilinx/2020.2/Vitis_HLS/2020.2/common/technology/xilinx/DSP48/zynquplus_dsp48e2.hlp 
Execute       source /mnt/pollux/software/xilinx/2020.2/Vitis_HLS/2020.2/common/technology/xilinx/common/xilinx.gen 
Execute         source /mnt/pollux/software/xilinx/2020.2/Vitis_HLS/2020.2/common/technology/xilinx/interface/plb46.gen 
Execute         source /mnt/pollux/software/xilinx/2020.2/Vitis_HLS/2020.2/common/technology/xilinx/interface/axi4.gen 
Execute         source /mnt/pollux/software/xilinx/2020.2/Vitis_HLS/2020.2/common/technology/xilinx/interface/nativeAXI4.gen 
Execute           source /mnt/pollux/software/xilinx/2020.2/Vitis_HLS/2020.2/common/technology/xilinx/interface/saxilite.gen 
Execute           source /mnt/pollux/software/xilinx/2020.2/Vitis_HLS/2020.2/common/technology/xilinx/interface/maxi.gen 
Execute         source /mnt/pollux/software/xilinx/2020.2/Vitis_HLS/2020.2/common/technology/xilinx/scripts/xilinxcoregen.gen 
Execute         source /mnt/pollux/software/xilinx/2020.2/Vitis_HLS/2020.2/common/technology/xilinx/interface/XilEDKCoreGen.gen 
Execute         source /mnt/pollux/software/xilinx/2020.2/Vitis_HLS/2020.2/common/technology/xilinx/ip/dds_compiler.gen 
Execute         source /mnt/pollux/software/xilinx/2020.2/Vitis_HLS/2020.2/common/technology/xilinx/ip/util.gen 
Execute         source /mnt/pollux/software/xilinx/2020.2/Vitis_HLS/2020.2/common/technology/xilinx/ip/xfft.gen 
Execute         source /mnt/pollux/software/xilinx/2020.2/Vitis_HLS/2020.2/common/technology/xilinx/ip/xfir.gen 
Execute         source /mnt/pollux/software/xilinx/2020.2/Vitis_HLS/2020.2/common/technology/xilinx/DSP48/dsp48.gen 
Command     add_library done; 0.15 sec.
Execute     ap_part_info -name xczu3eg-sbva484-1-i -data info 
Execute     config_compile -quiet -complex-mul-dsp=0 
Command   set_part done; 0.18 sec.
Execute   create_clock -period 150MHz -name default 
INFO: [HLS 200-1510] Running: create_clock -period 150MHz -name default 
Execute     ap_set_clock -name default -period 6.667 -unit ns -default=false 
INFO: [SYN 201-201] Setting up clock 'default' with a period of 6.667ns.
Execute   csim_design -quiet 
INFO: [HLS 200-1510] Running: csim_design -quiet 
INFO: [SIM 211-2] *************** CSIM start ***************
INFO: [SIM 211-4] CSIM will launch GCC as the compiler.
Execute     source csim/.lst_opt.tcl 
Execute     ap_part_info -name xczu3eg-sbva484-1-i -data info 
ERROR: [SIM 211-100] 'csim_design' failed: compilation error(s).
INFO: [SIM 211-3] *************** CSIM finish ***************
Command   csim_design done; error code: 2; 0.76 sec.
INFO: [HLS 200-111] Finished Command csim_design CPU user time: 0.36 seconds. CPU system time: 0.16 seconds. Elapsed time: 0.76 seconds; current allocated memory: 207.807 MB.
Command ap_source done; error code: 1; 3.74 sec.
Execute cleanup_all 
INFO-FLOW: Workspace /mnt/castor/seas_home/j/jpzhao/532/sync3/sync532/vitis_ppp/project_lzw/solution1 opened at Thu Nov 17 13:52:32 EST 2022
Execute     ap_set_clock -name default -period 6.667 -unit ns -default=false 
INFO: [SYN 201-201] Setting up clock 'default' with a period of 6.667ns.
Execute     import_lib /mnt/pollux/software/xilinx/2020.2/Vitis_HLS/2020.2/common/technology/xilinx/zynquplus/zynquplus 
Execute       source /mnt/pollux/software/xilinx/2020.2/Vitis_HLS/2020.2/common/technology/xilinx/interface/xilinx_interface.hlp 
Execute         source /mnt/pollux/software/xilinx/2020.2/Vitis_HLS/2020.2/common/technology/xilinx/interface/maxi.hlp 
Execute         source /mnt/pollux/software/xilinx/2020.2/Vitis_HLS/2020.2/common/technology/xilinx/interface/saxilite.hlp 
Execute       source /mnt/pollux/software/xilinx/2020.2/Vitis_HLS/2020.2/common/technology/xilinx/DSP48/dsp48.hlp 
Execute     source /mnt/pollux/software/xilinx/2020.2/Vitis_HLS/2020.2/common/technology/xilinx/common/xilinx.gen 
Execute       source /mnt/pollux/software/xilinx/2020.2/Vitis_HLS/2020.2/common/technology/xilinx/interface/plb46.gen 
Execute       source /mnt/pollux/software/xilinx/2020.2/Vitis_HLS/2020.2/common/technology/xilinx/interface/axi4.gen 
Execute       source /mnt/pollux/software/xilinx/2020.2/Vitis_HLS/2020.2/common/technology/xilinx/interface/nativeAXI4.gen 
Execute         source /mnt/pollux/software/xilinx/2020.2/Vitis_HLS/2020.2/common/technology/xilinx/interface/saxilite.gen 
Execute         source /mnt/pollux/software/xilinx/2020.2/Vitis_HLS/2020.2/common/technology/xilinx/interface/maxi.gen 
Execute       source /mnt/pollux/software/xilinx/2020.2/Vitis_HLS/2020.2/common/technology/xilinx/scripts/xilinxcoregen.gen 
Execute       source /mnt/pollux/software/xilinx/2020.2/Vitis_HLS/2020.2/common/technology/xilinx/interface/XilEDKCoreGen.gen 
Execute       source /mnt/pollux/software/xilinx/2020.2/Vitis_HLS/2020.2/common/technology/xilinx/ip/dds_compiler.gen 
Execute       source /mnt/pollux/software/xilinx/2020.2/Vitis_HLS/2020.2/common/technology/xilinx/ip/util.gen 
Execute       source /mnt/pollux/software/xilinx/2020.2/Vitis_HLS/2020.2/common/technology/xilinx/ip/xfft.gen 
Execute       source /mnt/pollux/software/xilinx/2020.2/Vitis_HLS/2020.2/common/technology/xilinx/ip/xfir.gen 
Execute       source /mnt/pollux/software/xilinx/2020.2/Vitis_HLS/2020.2/common/technology/xilinx/DSP48/dsp48.gen 
Command     ap_source done; 0.15 sec.
Execute     import_lib /mnt/pollux/software/xilinx/2020.2/Vitis_HLS/2020.2/common/technology/xilinx/zynquplus/zynquplus_fpv7 
Execute       source /mnt/pollux/software/xilinx/2020.2/Vitis_HLS/2020.2/common/technology/xilinx/interface/xilinx_interface.hlp 
Execute         source /mnt/pollux/software/xilinx/2020.2/Vitis_HLS/2020.2/common/technology/xilinx/interface/maxi.hlp 
Execute         source /mnt/pollux/software/xilinx/2020.2/Vitis_HLS/2020.2/common/technology/xilinx/interface/saxilite.hlp 
Execute       source /mnt/pollux/software/xilinx/2020.2/Vitis_HLS/2020.2/common/technology/xilinx/DSP48/dsp48.hlp 
Execute     source /mnt/pollux/software/xilinx/2020.2/Vitis_HLS/2020.2/common/technology/xilinx/common/xilinx.gen 
Execute       source /mnt/pollux/software/xilinx/2020.2/Vitis_HLS/2020.2/common/technology/xilinx/interface/plb46.gen 
Execute       source /mnt/pollux/software/xilinx/2020.2/Vitis_HLS/2020.2/common/technology/xilinx/interface/axi4.gen 
Execute       source /mnt/pollux/software/xilinx/2020.2/Vitis_HLS/2020.2/common/technology/xilinx/interface/nativeAXI4.gen 
Execute         source /mnt/pollux/software/xilinx/2020.2/Vitis_HLS/2020.2/common/technology/xilinx/interface/saxilite.gen 
Execute         source /mnt/pollux/software/xilinx/2020.2/Vitis_HLS/2020.2/common/technology/xilinx/interface/maxi.gen 
Execute       source /mnt/pollux/software/xilinx/2020.2/Vitis_HLS/2020.2/common/technology/xilinx/scripts/xilinxcoregen.gen 
Execute       source /mnt/pollux/software/xilinx/2020.2/Vitis_HLS/2020.2/common/technology/xilinx/interface/XilEDKCoreGen.gen 
Execute       source /mnt/pollux/software/xilinx/2020.2/Vitis_HLS/2020.2/common/technology/xilinx/ip/dds_compiler.gen 
Execute       source /mnt/pollux/software/xilinx/2020.2/Vitis_HLS/2020.2/common/technology/xilinx/ip/util.gen 
Execute       source /mnt/pollux/software/xilinx/2020.2/Vitis_HLS/2020.2/common/technology/xilinx/ip/xfft.gen 
Execute       source /mnt/pollux/software/xilinx/2020.2/Vitis_HLS/2020.2/common/technology/xilinx/ip/xfir.gen 
Execute       source /mnt/pollux/software/xilinx/2020.2/Vitis_HLS/2020.2/common/technology/xilinx/DSP48/dsp48.gen 
Execute     set_part xczu3eg-sbva484-1-i 
INFO-FLOW: DBG:set_part: XILINX_VIVADO=/mnt/pollux/software/xilinx/2020.2/Vivado/2020.2
INFO-FLOW: DBG:set_part: RDI_DATADIR=/mnt/pollux/software/xilinx/2020.2/Vivado/2020.2/data:/mnt/pollux/software/xilinx/2020.2/Vitis_HLS/2020.2/data
Execute       ap_part_info -name xczu3eg-sbva484-1-i -data single -quiet 
DBG:HLSDevice: Trying to load device library: /mnt/pollux/software/xilinx/2020.2/Vitis_HLS/2020.2/lib/lnx64.o/librdi_hlsvwrap.so
DBG:HLSDevice: first parts/arch.xml in RDI_DATADIR: /mnt/pollux/software/xilinx/2020.2/Vivado/2020.2/data/parts/arch.xml
Command       ap_part_info done; 4.44 sec.
Execute       ap_part_info -name xczu3eg-sbva484-1-i -data info 
Execute       add_library xilinx/zynquplus/zynquplus:xczu3eg:-sbva484:-1-i 
Execute         get_default_platform 
Execute         open_platform DefaultPlatform 
Execute         ap_part_info -data single -name xczu3eg-sbva484-1-i 
Execute         ap_part_info -name xczu3eg-sbva484-1-i -data resources 
Execute         config_chip_info -resource {SLICE 8820} {LUT 70560} {FF 141120} {DSP 360} {BRAM 432} {URAM 0} 
Execute         ap_part_info -name xczu3eg-sbva484-1-i -data info 
Execute         config_chip_info -speed slow 
Execute         ap_part_info -name xczu3eg-sbva484-1-i -data info 
Execute         config_library_info -library zynquplus_slow 
Execute         config_library_info -family zynquplus 
Execute         config_library_info -part xczu3eg:-sbva484:-1-i 
Execute         import_lib /mnt/pollux/software/xilinx/2020.2/Vitis_HLS/2020.2/common/technology/xilinx/zynquplus/zynquplus 
Execute           source /mnt/pollux/software/xilinx/2020.2/Vitis_HLS/2020.2/common/technology/xilinx/interface/xilinx_interface.hlp 
Execute             source /mnt/pollux/software/xilinx/2020.2/Vitis_HLS/2020.2/common/technology/xilinx/interface/maxi.hlp 
Execute             source /mnt/pollux/software/xilinx/2020.2/Vitis_HLS/2020.2/common/technology/xilinx/interface/saxilite.hlp 
Execute           source /mnt/pollux/software/xilinx/2020.2/Vitis_HLS/2020.2/common/technology/xilinx/DSP48/dsp48.hlp 
Execute           source /mnt/pollux/software/xilinx/2020.2/Vitis_HLS/2020.2/common/technology/xilinx/DSP48/zynquplus_dsp48e2.hlp 
Command         import_lib done; 0.21 sec.
Execute         source /mnt/pollux/software/xilinx/2020.2/Vitis_HLS/2020.2/common/technology/xilinx/common/xilinx.gen 
Execute           source /mnt/pollux/software/xilinx/2020.2/Vitis_HLS/2020.2/common/technology/xilinx/interface/plb46.gen 
Execute           source /mnt/pollux/software/xilinx/2020.2/Vitis_HLS/2020.2/common/technology/xilinx/interface/axi4.gen 
Execute           source /mnt/pollux/software/xilinx/2020.2/Vitis_HLS/2020.2/common/technology/xilinx/interface/nativeAXI4.gen 
Execute             source /mnt/pollux/software/xilinx/2020.2/Vitis_HLS/2020.2/common/technology/xilinx/interface/saxilite.gen 
Execute             source /mnt/pollux/software/xilinx/2020.2/Vitis_HLS/2020.2/common/technology/xilinx/interface/maxi.gen 
Execute           source /mnt/pollux/software/xilinx/2020.2/Vitis_HLS/2020.2/common/technology/xilinx/scripts/xilinxcoregen.gen 
Execute           source /mnt/pollux/software/xilinx/2020.2/Vitis_HLS/2020.2/common/technology/xilinx/interface/XilEDKCoreGen.gen 
Execute           source /mnt/pollux/software/xilinx/2020.2/Vitis_HLS/2020.2/common/technology/xilinx/ip/dds_compiler.gen 
Execute           source /mnt/pollux/software/xilinx/2020.2/Vitis_HLS/2020.2/common/technology/xilinx/ip/util.gen 
Execute           source /mnt/pollux/software/xilinx/2020.2/Vitis_HLS/2020.2/common/technology/xilinx/ip/xfft.gen 
Execute           source /mnt/pollux/software/xilinx/2020.2/Vitis_HLS/2020.2/common/technology/xilinx/ip/xfir.gen 
Execute           source /mnt/pollux/software/xilinx/2020.2/Vitis_HLS/2020.2/common/technology/xilinx/DSP48/dsp48.gen 
Command         ap_source done; 0.14 sec.
Command       add_library done; 0.39 sec.
INFO: [HLS 200-10] Setting target device to 'xczu3eg-sbva484-1-i'
Execute       ap_part_info -name xczu3eg-sbva484-1-i -data info 
Execute       config_compile -quiet -complex-mul-dsp=0 
Command     set_part done; 4.86 sec.
Execute     ap_part_info -data single -name xczu3eg-sbva484-1-i 
Execute     ap_part_info -name xczu3eg-sbva484-1-i -data resources 
Execute     config_chip_info -resource {SLICE 8820} {LUT 70560} {FF 141120} {DSP 360} {BRAM 432} {URAM 0} 
Execute     ap_part_info -name xczu3eg-sbva484-1-i -data info 
Execute     config_chip_info -speed slow 
Execute     send_msg_by_id INFO @200-1505@%s%s  vivado 
INFO: [HLS 200-1505] Using flow_target 'vivado'
Execute     get_config_interface -m_axi_latency 
Execute     get_config_interface -m_axi_alignment_byte_size 
Execute     get_config_interface -m_axi_max_widen_bitwidth 
Execute     get_config_interface -default_interface 
Execute     get_config_interface -m_axi_offset 
Execute     get_config_rtl -register_reset_num 
Command   open_solution done; 5.2 sec.
Execute   set_part xczu3eg-sbva484-1-i 
INFO: [HLS 200-1510] Running: set_part xczu3eg-sbva484-1-i 
INFO-FLOW: DBG:set_part: XILINX_VIVADO=/mnt/pollux/software/xilinx/2020.2/Vivado/2020.2
INFO-FLOW: DBG:set_part: RDI_DATADIR=/mnt/pollux/software/xilinx/2020.2/Vivado/2020.2/data:/mnt/pollux/software/xilinx/2020.2/Vitis_HLS/2020.2/data
Execute     ap_part_info -name xczu3eg-sbva484-1-i -data single -quiet 
Execute     ap_part_info -name xczu3eg-sbva484-1-i -data info 
Execute     add_library xilinx/zynquplus/zynquplus:xczu3eg:-sbva484:-1-i 
Execute       get_default_platform 
Execute       open_platform DefaultPlatform 
Execute       ap_part_info -data single -name xczu3eg-sbva484-1-i 
Execute       ap_part_info -name xczu3eg-sbva484-1-i -data resources 
Execute       config_chip_info -resource {SLICE 8820} {LUT 70560} {FF 141120} {DSP 360} {BRAM 432} {URAM 0} 
Execute       ap_part_info -name xczu3eg-sbva484-1-i -data info 
Execute       config_chip_info -speed slow 
Execute       ap_part_info -name xczu3eg-sbva484-1-i -data info 
Execute       config_library_info -library zynquplus_slow 
Execute       config_library_info -family zynquplus 
Execute       config_library_info -part xczu3eg:-sbva484:-1-i 
Execute       import_lib /mnt/pollux/software/xilinx/2020.2/Vitis_HLS/2020.2/common/technology/xilinx/zynquplus/zynquplus 
Execute         source /mnt/pollux/software/xilinx/2020.2/Vitis_HLS/2020.2/common/technology/xilinx/interface/xilinx_interface.hlp 
Execute           source /mnt/pollux/software/xilinx/2020.2/Vitis_HLS/2020.2/common/technology/xilinx/interface/maxi.hlp 
Execute           source /mnt/pollux/software/xilinx/2020.2/Vitis_HLS/2020.2/common/technology/xilinx/interface/saxilite.hlp 
Execute         source /mnt/pollux/software/xilinx/2020.2/Vitis_HLS/2020.2/common/technology/xilinx/DSP48/dsp48.hlp 
Execute         source /mnt/pollux/software/xilinx/2020.2/Vitis_HLS/2020.2/common/technology/xilinx/DSP48/zynquplus_dsp48e2.hlp 
Execute       source /mnt/pollux/software/xilinx/2020.2/Vitis_HLS/2020.2/common/technology/xilinx/common/xilinx.gen 
Execute         source /mnt/pollux/software/xilinx/2020.2/Vitis_HLS/2020.2/common/technology/xilinx/interface/plb46.gen 
Execute         source /mnt/pollux/software/xilinx/2020.2/Vitis_HLS/2020.2/common/technology/xilinx/interface/axi4.gen 
Execute         source /mnt/pollux/software/xilinx/2020.2/Vitis_HLS/2020.2/common/technology/xilinx/interface/nativeAXI4.gen 
Execute           source /mnt/pollux/software/xilinx/2020.2/Vitis_HLS/2020.2/common/technology/xilinx/interface/saxilite.gen 
Execute           source /mnt/pollux/software/xilinx/2020.2/Vitis_HLS/2020.2/common/technology/xilinx/interface/maxi.gen 
Execute         source /mnt/pollux/software/xilinx/2020.2/Vitis_HLS/2020.2/common/technology/xilinx/scripts/xilinxcoregen.gen 
Execute         source /mnt/pollux/software/xilinx/2020.2/Vitis_HLS/2020.2/common/technology/xilinx/interface/XilEDKCoreGen.gen 
Execute         source /mnt/pollux/software/xilinx/2020.2/Vitis_HLS/2020.2/common/technology/xilinx/ip/dds_compiler.gen 
Execute         source /mnt/pollux/software/xilinx/2020.2/Vitis_HLS/2020.2/common/technology/xilinx/ip/util.gen 
Execute         source /mnt/pollux/software/xilinx/2020.2/Vitis_HLS/2020.2/common/technology/xilinx/ip/xfft.gen 
Execute         source /mnt/pollux/software/xilinx/2020.2/Vitis_HLS/2020.2/common/technology/xilinx/ip/xfir.gen 
Execute         source /mnt/pollux/software/xilinx/2020.2/Vitis_HLS/2020.2/common/technology/xilinx/DSP48/dsp48.gen 
Command       ap_source done; 0.11 sec.
Command     add_library done; 0.16 sec.
Execute     ap_part_info -name xczu3eg-sbva484-1-i -data info 
Execute     config_compile -quiet -complex-mul-dsp=0 
Command   set_part done; 0.2 sec.
Execute   create_clock -period 150MHz -name default 
INFO: [HLS 200-1510] Running: create_clock -period 150MHz -name default 
Execute     ap_set_clock -name default -period 6.667 -unit ns -default=false 
INFO: [SYN 201-201] Setting up clock 'default' with a period of 6.667ns.
Execute   csim_design -quiet 
INFO: [HLS 200-1510] Running: csim_design -quiet 
INFO: [SIM 211-2] *************** CSIM start ***************
INFO: [SIM 211-4] CSIM will launch GCC as the compiler.
Execute     source csim/.lst_opt.tcl 
Execute     ap_part_info -name xczu3eg-sbva484-1-i -data info 
ERROR: [SIM 211-100] 'csim_design' failed: compilation error(s).
INFO: [SIM 211-3] *************** CSIM finish ***************
Command   csim_design done; error code: 2; 0.9 sec.
INFO: [HLS 200-111] Finished Command csim_design CPU user time: 0.41 seconds. CPU system time: 0.18 seconds. Elapsed time: 0.9 seconds; current allocated memory: 207.808 MB.
Command ap_source done; error code: 1; 6.35 sec.
Execute cleanup_all 
INFO-FLOW: Workspace /mnt/castor/seas_home/j/jpzhao/532/sync3/sync532/vitis_ppp/project_lzw/solution1 opened at Thu Nov 17 13:54:04 EST 2022
Execute     ap_set_clock -name default -period 6.667 -unit ns -default=false 
INFO: [SYN 201-201] Setting up clock 'default' with a period of 6.667ns.
Execute     import_lib /mnt/pollux/software/xilinx/2020.2/Vitis_HLS/2020.2/common/technology/xilinx/zynquplus/zynquplus 
Execute       source /mnt/pollux/software/xilinx/2020.2/Vitis_HLS/2020.2/common/technology/xilinx/interface/xilinx_interface.hlp 
Execute         source /mnt/pollux/software/xilinx/2020.2/Vitis_HLS/2020.2/common/technology/xilinx/interface/maxi.hlp 
Execute         source /mnt/pollux/software/xilinx/2020.2/Vitis_HLS/2020.2/common/technology/xilinx/interface/saxilite.hlp 
Execute       source /mnt/pollux/software/xilinx/2020.2/Vitis_HLS/2020.2/common/technology/xilinx/DSP48/dsp48.hlp 
Execute     source /mnt/pollux/software/xilinx/2020.2/Vitis_HLS/2020.2/common/technology/xilinx/common/xilinx.gen 
Execute       source /mnt/pollux/software/xilinx/2020.2/Vitis_HLS/2020.2/common/technology/xilinx/interface/plb46.gen 
Execute       source /mnt/pollux/software/xilinx/2020.2/Vitis_HLS/2020.2/common/technology/xilinx/interface/axi4.gen 
Execute       source /mnt/pollux/software/xilinx/2020.2/Vitis_HLS/2020.2/common/technology/xilinx/interface/nativeAXI4.gen 
Execute         source /mnt/pollux/software/xilinx/2020.2/Vitis_HLS/2020.2/common/technology/xilinx/interface/saxilite.gen 
Execute         source /mnt/pollux/software/xilinx/2020.2/Vitis_HLS/2020.2/common/technology/xilinx/interface/maxi.gen 
Execute       source /mnt/pollux/software/xilinx/2020.2/Vitis_HLS/2020.2/common/technology/xilinx/scripts/xilinxcoregen.gen 
Execute       source /mnt/pollux/software/xilinx/2020.2/Vitis_HLS/2020.2/common/technology/xilinx/interface/XilEDKCoreGen.gen 
Execute       source /mnt/pollux/software/xilinx/2020.2/Vitis_HLS/2020.2/common/technology/xilinx/ip/dds_compiler.gen 
Execute       source /mnt/pollux/software/xilinx/2020.2/Vitis_HLS/2020.2/common/technology/xilinx/ip/util.gen 
Execute       source /mnt/pollux/software/xilinx/2020.2/Vitis_HLS/2020.2/common/technology/xilinx/ip/xfft.gen 
Execute       source /mnt/pollux/software/xilinx/2020.2/Vitis_HLS/2020.2/common/technology/xilinx/ip/xfir.gen 
Execute       source /mnt/pollux/software/xilinx/2020.2/Vitis_HLS/2020.2/common/technology/xilinx/DSP48/dsp48.gen 
Command     ap_source done; 0.14 sec.
Execute     import_lib /mnt/pollux/software/xilinx/2020.2/Vitis_HLS/2020.2/common/technology/xilinx/zynquplus/zynquplus_fpv7 
Execute       source /mnt/pollux/software/xilinx/2020.2/Vitis_HLS/2020.2/common/technology/xilinx/interface/xilinx_interface.hlp 
Execute         source /mnt/pollux/software/xilinx/2020.2/Vitis_HLS/2020.2/common/technology/xilinx/interface/maxi.hlp 
Execute         source /mnt/pollux/software/xilinx/2020.2/Vitis_HLS/2020.2/common/technology/xilinx/interface/saxilite.hlp 
Execute       source /mnt/pollux/software/xilinx/2020.2/Vitis_HLS/2020.2/common/technology/xilinx/DSP48/dsp48.hlp 
Execute     source /mnt/pollux/software/xilinx/2020.2/Vitis_HLS/2020.2/common/technology/xilinx/common/xilinx.gen 
Execute       source /mnt/pollux/software/xilinx/2020.2/Vitis_HLS/2020.2/common/technology/xilinx/interface/plb46.gen 
Execute       source /mnt/pollux/software/xilinx/2020.2/Vitis_HLS/2020.2/common/technology/xilinx/interface/axi4.gen 
Execute       source /mnt/pollux/software/xilinx/2020.2/Vitis_HLS/2020.2/common/technology/xilinx/interface/nativeAXI4.gen 
Execute         source /mnt/pollux/software/xilinx/2020.2/Vitis_HLS/2020.2/common/technology/xilinx/interface/saxilite.gen 
Execute         source /mnt/pollux/software/xilinx/2020.2/Vitis_HLS/2020.2/common/technology/xilinx/interface/maxi.gen 
Execute       source /mnt/pollux/software/xilinx/2020.2/Vitis_HLS/2020.2/common/technology/xilinx/scripts/xilinxcoregen.gen 
Execute       source /mnt/pollux/software/xilinx/2020.2/Vitis_HLS/2020.2/common/technology/xilinx/interface/XilEDKCoreGen.gen 
Execute       source /mnt/pollux/software/xilinx/2020.2/Vitis_HLS/2020.2/common/technology/xilinx/ip/dds_compiler.gen 
Execute       source /mnt/pollux/software/xilinx/2020.2/Vitis_HLS/2020.2/common/technology/xilinx/ip/util.gen 
Execute       source /mnt/pollux/software/xilinx/2020.2/Vitis_HLS/2020.2/common/technology/xilinx/ip/xfft.gen 
Execute       source /mnt/pollux/software/xilinx/2020.2/Vitis_HLS/2020.2/common/technology/xilinx/ip/xfir.gen 
Execute       source /mnt/pollux/software/xilinx/2020.2/Vitis_HLS/2020.2/common/technology/xilinx/DSP48/dsp48.gen 
Command     ap_source done; 0.11 sec.
Execute     set_part xczu3eg-sbva484-1-i 
INFO-FLOW: DBG:set_part: XILINX_VIVADO=/mnt/pollux/software/xilinx/2020.2/Vivado/2020.2
INFO-FLOW: DBG:set_part: RDI_DATADIR=/mnt/pollux/software/xilinx/2020.2/Vivado/2020.2/data:/mnt/pollux/software/xilinx/2020.2/Vitis_HLS/2020.2/data
Execute       ap_part_info -name xczu3eg-sbva484-1-i -data single -quiet 
DBG:HLSDevice: Trying to load device library: /mnt/pollux/software/xilinx/2020.2/Vitis_HLS/2020.2/lib/lnx64.o/librdi_hlsvwrap.so
DBG:HLSDevice: first parts/arch.xml in RDI_DATADIR: /mnt/pollux/software/xilinx/2020.2/Vivado/2020.2/data/parts/arch.xml
Command       ap_part_info done; 3.39 sec.
Execute       ap_part_info -name xczu3eg-sbva484-1-i -data info 
Execute       add_library xilinx/zynquplus/zynquplus:xczu3eg:-sbva484:-1-i 
Execute         get_default_platform 
Execute         open_platform DefaultPlatform 
Execute         ap_part_info -data single -name xczu3eg-sbva484-1-i 
Execute         ap_part_info -name xczu3eg-sbva484-1-i -data resources 
Execute         config_chip_info -resource {SLICE 8820} {LUT 70560} {FF 141120} {DSP 360} {BRAM 432} {URAM 0} 
Execute         ap_part_info -name xczu3eg-sbva484-1-i -data info 
Execute         config_chip_info -speed slow 
Execute         ap_part_info -name xczu3eg-sbva484-1-i -data info 
Execute         config_library_info -library zynquplus_slow 
Execute         config_library_info -family zynquplus 
Execute         config_library_info -part xczu3eg:-sbva484:-1-i 
Execute         import_lib /mnt/pollux/software/xilinx/2020.2/Vitis_HLS/2020.2/common/technology/xilinx/zynquplus/zynquplus 
Execute           source /mnt/pollux/software/xilinx/2020.2/Vitis_HLS/2020.2/common/technology/xilinx/interface/xilinx_interface.hlp 
Execute             source /mnt/pollux/software/xilinx/2020.2/Vitis_HLS/2020.2/common/technology/xilinx/interface/maxi.hlp 
Execute             source /mnt/pollux/software/xilinx/2020.2/Vitis_HLS/2020.2/common/technology/xilinx/interface/saxilite.hlp 
Execute           source /mnt/pollux/software/xilinx/2020.2/Vitis_HLS/2020.2/common/technology/xilinx/DSP48/dsp48.hlp 
Execute           source /mnt/pollux/software/xilinx/2020.2/Vitis_HLS/2020.2/common/technology/xilinx/DSP48/zynquplus_dsp48e2.hlp 
Command         import_lib done; 0.19 sec.
Execute         source /mnt/pollux/software/xilinx/2020.2/Vitis_HLS/2020.2/common/technology/xilinx/common/xilinx.gen 
Execute           source /mnt/pollux/software/xilinx/2020.2/Vitis_HLS/2020.2/common/technology/xilinx/interface/plb46.gen 
Execute           source /mnt/pollux/software/xilinx/2020.2/Vitis_HLS/2020.2/common/technology/xilinx/interface/axi4.gen 
Execute           source /mnt/pollux/software/xilinx/2020.2/Vitis_HLS/2020.2/common/technology/xilinx/interface/nativeAXI4.gen 
Execute             source /mnt/pollux/software/xilinx/2020.2/Vitis_HLS/2020.2/common/technology/xilinx/interface/saxilite.gen 
Execute             source /mnt/pollux/software/xilinx/2020.2/Vitis_HLS/2020.2/common/technology/xilinx/interface/maxi.gen 
Execute           source /mnt/pollux/software/xilinx/2020.2/Vitis_HLS/2020.2/common/technology/xilinx/scripts/xilinxcoregen.gen 
Execute           source /mnt/pollux/software/xilinx/2020.2/Vitis_HLS/2020.2/common/technology/xilinx/interface/XilEDKCoreGen.gen 
Execute           source /mnt/pollux/software/xilinx/2020.2/Vitis_HLS/2020.2/common/technology/xilinx/ip/dds_compiler.gen 
Execute           source /mnt/pollux/software/xilinx/2020.2/Vitis_HLS/2020.2/common/technology/xilinx/ip/util.gen 
Execute           source /mnt/pollux/software/xilinx/2020.2/Vitis_HLS/2020.2/common/technology/xilinx/ip/xfft.gen 
Execute           source /mnt/pollux/software/xilinx/2020.2/Vitis_HLS/2020.2/common/technology/xilinx/ip/xfir.gen 
Execute           source /mnt/pollux/software/xilinx/2020.2/Vitis_HLS/2020.2/common/technology/xilinx/DSP48/dsp48.gen 
Command         ap_source done; 0.13 sec.
Command       add_library done; 0.36 sec.
INFO: [HLS 200-10] Setting target device to 'xczu3eg-sbva484-1-i'
Execute       ap_part_info -name xczu3eg-sbva484-1-i -data info 
Execute       config_compile -quiet -complex-mul-dsp=0 
Command     set_part done; 3.78 sec.
Execute     ap_part_info -data single -name xczu3eg-sbva484-1-i 
Execute     ap_part_info -name xczu3eg-sbva484-1-i -data resources 
Execute     config_chip_info -resource {SLICE 8820} {LUT 70560} {FF 141120} {DSP 360} {BRAM 432} {URAM 0} 
Execute     ap_part_info -name xczu3eg-sbva484-1-i -data info 
Execute     config_chip_info -speed slow 
Execute     send_msg_by_id INFO @200-1505@%s%s  vivado 
INFO: [HLS 200-1505] Using flow_target 'vivado'
Execute     get_config_interface -m_axi_latency 
Execute     get_config_interface -m_axi_alignment_byte_size 
Execute     get_config_interface -m_axi_max_widen_bitwidth 
Execute     get_config_interface -default_interface 
Execute     get_config_interface -m_axi_offset 
Execute     get_config_rtl -register_reset_num 
Command   open_solution done; 4.1 sec.
Execute   set_part xczu3eg-sbva484-1-i 
INFO: [HLS 200-1510] Running: set_part xczu3eg-sbva484-1-i 
INFO-FLOW: DBG:set_part: XILINX_VIVADO=/mnt/pollux/software/xilinx/2020.2/Vivado/2020.2
INFO-FLOW: DBG:set_part: RDI_DATADIR=/mnt/pollux/software/xilinx/2020.2/Vivado/2020.2/data:/mnt/pollux/software/xilinx/2020.2/Vitis_HLS/2020.2/data
Execute     ap_part_info -name xczu3eg-sbva484-1-i -data single -quiet 
Execute     ap_part_info -name xczu3eg-sbva484-1-i -data info 
Execute     add_library xilinx/zynquplus/zynquplus:xczu3eg:-sbva484:-1-i 
Execute       get_default_platform 
Execute       open_platform DefaultPlatform 
Execute       ap_part_info -data single -name xczu3eg-sbva484-1-i 
Execute       ap_part_info -name xczu3eg-sbva484-1-i -data resources 
Execute       config_chip_info -resource {SLICE 8820} {LUT 70560} {FF 141120} {DSP 360} {BRAM 432} {URAM 0} 
Execute       ap_part_info -name xczu3eg-sbva484-1-i -data info 
Execute       config_chip_info -speed slow 
Execute       ap_part_info -name xczu3eg-sbva484-1-i -data info 
Execute       config_library_info -library zynquplus_slow 
Execute       config_library_info -family zynquplus 
Execute       config_library_info -part xczu3eg:-sbva484:-1-i 
Execute       import_lib /mnt/pollux/software/xilinx/2020.2/Vitis_HLS/2020.2/common/technology/xilinx/zynquplus/zynquplus 
Execute         source /mnt/pollux/software/xilinx/2020.2/Vitis_HLS/2020.2/common/technology/xilinx/interface/xilinx_interface.hlp 
Execute           source /mnt/pollux/software/xilinx/2020.2/Vitis_HLS/2020.2/common/technology/xilinx/interface/maxi.hlp 
Execute           source /mnt/pollux/software/xilinx/2020.2/Vitis_HLS/2020.2/common/technology/xilinx/interface/saxilite.hlp 
Execute         source /mnt/pollux/software/xilinx/2020.2/Vitis_HLS/2020.2/common/technology/xilinx/DSP48/dsp48.hlp 
Execute         source /mnt/pollux/software/xilinx/2020.2/Vitis_HLS/2020.2/common/technology/xilinx/DSP48/zynquplus_dsp48e2.hlp 
Execute       source /mnt/pollux/software/xilinx/2020.2/Vitis_HLS/2020.2/common/technology/xilinx/common/xilinx.gen 
Execute         source /mnt/pollux/software/xilinx/2020.2/Vitis_HLS/2020.2/common/technology/xilinx/interface/plb46.gen 
Execute         source /mnt/pollux/software/xilinx/2020.2/Vitis_HLS/2020.2/common/technology/xilinx/interface/axi4.gen 
Execute         source /mnt/pollux/software/xilinx/2020.2/Vitis_HLS/2020.2/common/technology/xilinx/interface/nativeAXI4.gen 
Execute           source /mnt/pollux/software/xilinx/2020.2/Vitis_HLS/2020.2/common/technology/xilinx/interface/saxilite.gen 
Execute           source /mnt/pollux/software/xilinx/2020.2/Vitis_HLS/2020.2/common/technology/xilinx/interface/maxi.gen 
Execute         source /mnt/pollux/software/xilinx/2020.2/Vitis_HLS/2020.2/common/technology/xilinx/scripts/xilinxcoregen.gen 
Execute         source /mnt/pollux/software/xilinx/2020.2/Vitis_HLS/2020.2/common/technology/xilinx/interface/XilEDKCoreGen.gen 
Execute         source /mnt/pollux/software/xilinx/2020.2/Vitis_HLS/2020.2/common/technology/xilinx/ip/dds_compiler.gen 
Execute         source /mnt/pollux/software/xilinx/2020.2/Vitis_HLS/2020.2/common/technology/xilinx/ip/util.gen 
Execute         source /mnt/pollux/software/xilinx/2020.2/Vitis_HLS/2020.2/common/technology/xilinx/ip/xfft.gen 
Execute         source /mnt/pollux/software/xilinx/2020.2/Vitis_HLS/2020.2/common/technology/xilinx/ip/xfir.gen 
Execute         source /mnt/pollux/software/xilinx/2020.2/Vitis_HLS/2020.2/common/technology/xilinx/DSP48/dsp48.gen 
Command     add_library done; 0.15 sec.
Execute     ap_part_info -name xczu3eg-sbva484-1-i -data info 
Execute     config_compile -quiet -complex-mul-dsp=0 
Command   set_part done; 0.18 sec.
Execute   create_clock -period 150MHz -name default 
INFO: [HLS 200-1510] Running: create_clock -period 150MHz -name default 
Execute     ap_set_clock -name default -period 6.667 -unit ns -default=false 
INFO: [SYN 201-201] Setting up clock 'default' with a period of 6.667ns.
Execute   csim_design -quiet 
INFO: [HLS 200-1510] Running: csim_design -quiet 
INFO: [SIM 211-2] *************** CSIM start ***************
INFO: [SIM 211-4] CSIM will launch GCC as the compiler.
Execute     source csim/.lst_opt.tcl 
Execute     ap_part_info -name xczu3eg-sbva484-1-i -data info 
ERROR: [SIM 211-100] 'csim_design' failed: compilation error(s).
INFO: [SIM 211-3] *************** CSIM finish ***************
Command   csim_design done; error code: 2; 1.1 sec.
INFO: [HLS 200-111] Finished Command csim_design CPU user time: 0.52 seconds. CPU system time: 0.25 seconds. Elapsed time: 1.1 seconds; current allocated memory: 207.808 MB.
Command ap_source done; error code: 1; 5.4 sec.
Execute cleanup_all 
